[2025-04-10T00:46:38.830+0000] {taskinstance.py:1159} INFO - Dependencies all met for dep_context=non-requeueable deps ti=<TaskInstance: etl_reddit_pipeline.reddit_extraction scheduled__2025-04-09T00:00:00+00:00 [queued]>
[2025-04-10T00:46:38.832+0000] {taskinstance.py:1159} INFO - Dependencies all met for dep_context=requeueable deps ti=<TaskInstance: etl_reddit_pipeline.reddit_extraction scheduled__2025-04-09T00:00:00+00:00 [queued]>
[2025-04-10T00:46:38.833+0000] {taskinstance.py:1361} INFO - Starting attempt 1 of 1
[2025-04-10T00:46:38.836+0000] {taskinstance.py:1382} INFO - Executing <Task(PythonOperator): reddit_extraction> on 2025-04-09 00:00:00+00:00
[2025-04-10T00:46:38.839+0000] {standard_task_runner.py:57} INFO - Started process 68 to run task
[2025-04-10T00:46:38.841+0000] {standard_task_runner.py:84} INFO - Running: ['airflow', 'tasks', 'run', 'etl_reddit_pipeline', 'reddit_extraction', 'scheduled__2025-04-09T00:00:00+00:00', '--job-id', '10', '--raw', '--subdir', 'DAGS_FOLDER/reddit_dag.py', '--cfg-path', '/tmp/tmpjp_qumm2']
[2025-04-10T00:46:38.842+0000] {standard_task_runner.py:85} INFO - Job 10: Subtask reddit_extraction
[2025-04-10T00:46:38.860+0000] {task_command.py:416} INFO - Running <TaskInstance: etl_reddit_pipeline.reddit_extraction scheduled__2025-04-09T00:00:00+00:00 [running]> on host 7645e7e94702
[2025-04-10T00:46:38.887+0000] {taskinstance.py:1662} INFO - Exporting env vars: AIRFLOW_CTX_DAG_OWNER='Hari Shankar' AIRFLOW_CTX_DAG_ID='etl_reddit_pipeline' AIRFLOW_CTX_TASK_ID='reddit_extraction' AIRFLOW_CTX_EXECUTION_DATE='2025-04-09T00:00:00+00:00' AIRFLOW_CTX_TRY_NUMBER='1' AIRFLOW_CTX_DAG_RUN_ID='scheduled__2025-04-09T00:00:00+00:00'
[2025-04-10T00:46:39.015+0000] {logging_mixin.py:151} WARNING - Version 7.7.1 of praw is outdated. Version 7.8.1 was released Friday October 25, 2024.
[2025-04-10T00:46:39.015+0000] {logging_mixin.py:151} INFO - connected to reddit!
[2025-04-10T00:46:39.790+0000] {python.py:194} INFO - Done. Returned value was: /opt/airflow/data/output/reddit_20250410.csv
[2025-04-10T00:46:39.799+0000] {taskinstance.py:1400} INFO - Marking task as SUCCESS. dag_id=etl_reddit_pipeline, task_id=reddit_extraction, execution_date=20250409T000000, start_date=20250410T004638, end_date=20250410T004639
[2025-04-10T00:46:39.815+0000] {local_task_job_runner.py:228} INFO - Task exited with return code 0
[2025-04-10T00:46:39.824+0000] {taskinstance.py:2778} INFO - 1 downstream tasks scheduled from follow-on schedule check
[2025-04-10T18:20:32.538+0000] {taskinstance.py:1159} INFO - Dependencies all met for dep_context=non-requeueable deps ti=<TaskInstance: etl_reddit_pipeline.reddit_extraction scheduled__2025-04-09T00:00:00+00:00 [queued]>
[2025-04-10T18:20:32.543+0000] {taskinstance.py:1159} INFO - Dependencies all met for dep_context=requeueable deps ti=<TaskInstance: etl_reddit_pipeline.reddit_extraction scheduled__2025-04-09T00:00:00+00:00 [queued]>
[2025-04-10T18:20:32.543+0000] {taskinstance.py:1361} INFO - Starting attempt 1 of 1
[2025-04-10T18:20:32.553+0000] {taskinstance.py:1382} INFO - Executing <Task(PythonOperator): reddit_extraction> on 2025-04-09 00:00:00+00:00
[2025-04-10T18:20:32.556+0000] {standard_task_runner.py:57} INFO - Started process 53 to run task
[2025-04-10T18:20:32.558+0000] {standard_task_runner.py:84} INFO - Running: ['airflow', 'tasks', 'run', 'etl_reddit_pipeline', 'reddit_extraction', 'scheduled__2025-04-09T00:00:00+00:00', '--job-id', '2', '--raw', '--subdir', 'DAGS_FOLDER/reddit_dag.py', '--cfg-path', '/tmp/tmpqas7nkp7']
[2025-04-10T18:20:32.560+0000] {standard_task_runner.py:85} INFO - Job 2: Subtask reddit_extraction
[2025-04-10T18:20:32.579+0000] {task_command.py:416} INFO - Running <TaskInstance: etl_reddit_pipeline.reddit_extraction scheduled__2025-04-09T00:00:00+00:00 [running]> on host 5d379c010d2e
[2025-04-10T18:20:32.609+0000] {taskinstance.py:1662} INFO - Exporting env vars: AIRFLOW_CTX_DAG_OWNER='Hari Shankar' AIRFLOW_CTX_DAG_ID='etl_reddit_pipeline' AIRFLOW_CTX_TASK_ID='reddit_extraction' AIRFLOW_CTX_EXECUTION_DATE='2025-04-09T00:00:00+00:00' AIRFLOW_CTX_TRY_NUMBER='1' AIRFLOW_CTX_DAG_RUN_ID='scheduled__2025-04-09T00:00:00+00:00'
[2025-04-10T18:20:32.710+0000] {logging_mixin.py:151} WARNING - Version 7.7.1 of praw is outdated. Version 7.8.1 was released Friday October 25, 2024.
[2025-04-10T18:20:32.711+0000] {logging_mixin.py:151} INFO - connected to reddit!
[2025-04-10T18:20:33.602+0000] {python.py:194} INFO - Done. Returned value was: /opt/airflow/data/output/reddit_20250410.csv
[2025-04-10T18:20:33.616+0000] {taskinstance.py:1400} INFO - Marking task as SUCCESS. dag_id=etl_reddit_pipeline, task_id=reddit_extraction, execution_date=20250409T000000, start_date=20250410T182032, end_date=20250410T182033
[2025-04-10T18:20:33.632+0000] {local_task_job_runner.py:228} INFO - Task exited with return code 0
[2025-04-10T18:20:33.647+0000] {taskinstance.py:2778} INFO - 1 downstream tasks scheduled from follow-on schedule check
