[2025-04-07T23:49:49.526+0000] {processor.py:157} INFO - Started process (PID=29) to work on /opt/airflow/dags/reddit_dag.py
[2025-04-07T23:49:49.527+0000] {processor.py:829} INFO - Processing file /opt/airflow/dags/reddit_dag.py for tasks to queue
[2025-04-07T23:49:49.530+0000] {logging_mixin.py:151} INFO - [2025-04-07T23:49:49.529+0000] {dagbag.py:536} INFO - Filling up the DagBag from /opt/airflow/dags/reddit_dag.py
[2025-04-07T23:49:49.534+0000] {processor.py:841} WARNING - No viable dags retrieved from /opt/airflow/dags/reddit_dag.py
[2025-04-07T23:49:49.544+0000] {processor.py:179} INFO - Processing /opt/airflow/dags/reddit_dag.py took 0.020 seconds
[2025-04-07T23:50:19.860+0000] {processor.py:157} INFO - Started process (PID=30) to work on /opt/airflow/dags/reddit_dag.py
[2025-04-07T23:50:19.861+0000] {processor.py:829} INFO - Processing file /opt/airflow/dags/reddit_dag.py for tasks to queue
[2025-04-07T23:50:19.863+0000] {logging_mixin.py:151} INFO - [2025-04-07T23:50:19.863+0000] {dagbag.py:536} INFO - Filling up the DagBag from /opt/airflow/dags/reddit_dag.py
[2025-04-07T23:50:19.867+0000] {processor.py:841} WARNING - No viable dags retrieved from /opt/airflow/dags/reddit_dag.py
[2025-04-07T23:50:19.876+0000] {processor.py:179} INFO - Processing /opt/airflow/dags/reddit_dag.py took 0.019 seconds
[2025-04-07T23:50:50.158+0000] {processor.py:157} INFO - Started process (PID=31) to work on /opt/airflow/dags/reddit_dag.py
[2025-04-07T23:50:50.159+0000] {processor.py:829} INFO - Processing file /opt/airflow/dags/reddit_dag.py for tasks to queue
[2025-04-07T23:50:50.162+0000] {logging_mixin.py:151} INFO - [2025-04-07T23:50:50.162+0000] {dagbag.py:536} INFO - Filling up the DagBag from /opt/airflow/dags/reddit_dag.py
[2025-04-07T23:50:50.165+0000] {processor.py:841} WARNING - No viable dags retrieved from /opt/airflow/dags/reddit_dag.py
[2025-04-07T23:50:50.176+0000] {processor.py:179} INFO - Processing /opt/airflow/dags/reddit_dag.py took 0.021 seconds
[2025-04-07T23:51:20.494+0000] {processor.py:157} INFO - Started process (PID=32) to work on /opt/airflow/dags/reddit_dag.py
[2025-04-07T23:51:20.495+0000] {processor.py:829} INFO - Processing file /opt/airflow/dags/reddit_dag.py for tasks to queue
[2025-04-07T23:51:20.497+0000] {logging_mixin.py:151} INFO - [2025-04-07T23:51:20.497+0000] {dagbag.py:536} INFO - Filling up the DagBag from /opt/airflow/dags/reddit_dag.py
[2025-04-07T23:51:20.500+0000] {processor.py:841} WARNING - No viable dags retrieved from /opt/airflow/dags/reddit_dag.py
[2025-04-07T23:51:20.511+0000] {processor.py:179} INFO - Processing /opt/airflow/dags/reddit_dag.py took 0.021 seconds
[2025-04-07T23:51:50.810+0000] {processor.py:157} INFO - Started process (PID=33) to work on /opt/airflow/dags/reddit_dag.py
[2025-04-07T23:51:50.811+0000] {processor.py:829} INFO - Processing file /opt/airflow/dags/reddit_dag.py for tasks to queue
[2025-04-07T23:51:50.813+0000] {logging_mixin.py:151} INFO - [2025-04-07T23:51:50.813+0000] {dagbag.py:536} INFO - Filling up the DagBag from /opt/airflow/dags/reddit_dag.py
[2025-04-07T23:51:50.817+0000] {processor.py:841} WARNING - No viable dags retrieved from /opt/airflow/dags/reddit_dag.py
[2025-04-07T23:51:50.829+0000] {processor.py:179} INFO - Processing /opt/airflow/dags/reddit_dag.py took 0.024 seconds
[2025-04-07T23:52:21.116+0000] {processor.py:157} INFO - Started process (PID=34) to work on /opt/airflow/dags/reddit_dag.py
[2025-04-07T23:52:21.117+0000] {processor.py:829} INFO - Processing file /opt/airflow/dags/reddit_dag.py for tasks to queue
[2025-04-07T23:52:21.119+0000] {logging_mixin.py:151} INFO - [2025-04-07T23:52:21.119+0000] {dagbag.py:536} INFO - Filling up the DagBag from /opt/airflow/dags/reddit_dag.py
[2025-04-07T23:52:21.123+0000] {processor.py:841} WARNING - No viable dags retrieved from /opt/airflow/dags/reddit_dag.py
[2025-04-07T23:52:21.133+0000] {processor.py:179} INFO - Processing /opt/airflow/dags/reddit_dag.py took 0.020 seconds
[2025-04-07T23:52:51.427+0000] {processor.py:157} INFO - Started process (PID=35) to work on /opt/airflow/dags/reddit_dag.py
[2025-04-07T23:52:51.428+0000] {processor.py:829} INFO - Processing file /opt/airflow/dags/reddit_dag.py for tasks to queue
[2025-04-07T23:52:51.430+0000] {logging_mixin.py:151} INFO - [2025-04-07T23:52:51.429+0000] {dagbag.py:536} INFO - Filling up the DagBag from /opt/airflow/dags/reddit_dag.py
[2025-04-07T23:52:51.433+0000] {processor.py:841} WARNING - No viable dags retrieved from /opt/airflow/dags/reddit_dag.py
[2025-04-07T23:52:51.444+0000] {processor.py:179} INFO - Processing /opt/airflow/dags/reddit_dag.py took 0.021 seconds
[2025-04-07T23:53:21.719+0000] {processor.py:157} INFO - Started process (PID=36) to work on /opt/airflow/dags/reddit_dag.py
[2025-04-07T23:53:21.720+0000] {processor.py:829} INFO - Processing file /opt/airflow/dags/reddit_dag.py for tasks to queue
[2025-04-07T23:53:21.721+0000] {logging_mixin.py:151} INFO - [2025-04-07T23:53:21.721+0000] {dagbag.py:536} INFO - Filling up the DagBag from /opt/airflow/dags/reddit_dag.py
[2025-04-07T23:53:21.725+0000] {processor.py:841} WARNING - No viable dags retrieved from /opt/airflow/dags/reddit_dag.py
[2025-04-07T23:53:21.736+0000] {processor.py:179} INFO - Processing /opt/airflow/dags/reddit_dag.py took 0.020 seconds
[2025-04-07T23:53:52.007+0000] {processor.py:157} INFO - Started process (PID=37) to work on /opt/airflow/dags/reddit_dag.py
[2025-04-07T23:53:52.008+0000] {processor.py:829} INFO - Processing file /opt/airflow/dags/reddit_dag.py for tasks to queue
[2025-04-07T23:53:52.009+0000] {logging_mixin.py:151} INFO - [2025-04-07T23:53:52.009+0000] {dagbag.py:536} INFO - Filling up the DagBag from /opt/airflow/dags/reddit_dag.py
[2025-04-07T23:53:52.013+0000] {processor.py:841} WARNING - No viable dags retrieved from /opt/airflow/dags/reddit_dag.py
[2025-04-07T23:53:52.023+0000] {processor.py:179} INFO - Processing /opt/airflow/dags/reddit_dag.py took 0.020 seconds
[2025-04-07T23:54:22.295+0000] {processor.py:157} INFO - Started process (PID=38) to work on /opt/airflow/dags/reddit_dag.py
[2025-04-07T23:54:22.297+0000] {processor.py:829} INFO - Processing file /opt/airflow/dags/reddit_dag.py for tasks to queue
[2025-04-07T23:54:22.299+0000] {logging_mixin.py:151} INFO - [2025-04-07T23:54:22.299+0000] {dagbag.py:536} INFO - Filling up the DagBag from /opt/airflow/dags/reddit_dag.py
[2025-04-07T23:54:22.302+0000] {processor.py:841} WARNING - No viable dags retrieved from /opt/airflow/dags/reddit_dag.py
[2025-04-07T23:54:22.312+0000] {processor.py:179} INFO - Processing /opt/airflow/dags/reddit_dag.py took 0.020 seconds
[2025-04-07T23:54:52.594+0000] {processor.py:157} INFO - Started process (PID=39) to work on /opt/airflow/dags/reddit_dag.py
[2025-04-07T23:54:52.595+0000] {processor.py:829} INFO - Processing file /opt/airflow/dags/reddit_dag.py for tasks to queue
[2025-04-07T23:54:52.598+0000] {logging_mixin.py:151} INFO - [2025-04-07T23:54:52.598+0000] {dagbag.py:536} INFO - Filling up the DagBag from /opt/airflow/dags/reddit_dag.py
[2025-04-07T23:54:52.600+0000] {processor.py:841} WARNING - No viable dags retrieved from /opt/airflow/dags/reddit_dag.py
[2025-04-07T23:54:52.611+0000] {processor.py:179} INFO - Processing /opt/airflow/dags/reddit_dag.py took 0.019 seconds
[2025-04-07T23:55:22.884+0000] {processor.py:157} INFO - Started process (PID=40) to work on /opt/airflow/dags/reddit_dag.py
[2025-04-07T23:55:22.885+0000] {processor.py:829} INFO - Processing file /opt/airflow/dags/reddit_dag.py for tasks to queue
[2025-04-07T23:55:22.887+0000] {logging_mixin.py:151} INFO - [2025-04-07T23:55:22.887+0000] {dagbag.py:536} INFO - Filling up the DagBag from /opt/airflow/dags/reddit_dag.py
[2025-04-07T23:55:22.891+0000] {processor.py:841} WARNING - No viable dags retrieved from /opt/airflow/dags/reddit_dag.py
[2025-04-07T23:55:22.902+0000] {processor.py:179} INFO - Processing /opt/airflow/dags/reddit_dag.py took 0.024 seconds
[2025-04-07T23:55:53.174+0000] {processor.py:157} INFO - Started process (PID=41) to work on /opt/airflow/dags/reddit_dag.py
[2025-04-07T23:55:53.175+0000] {processor.py:829} INFO - Processing file /opt/airflow/dags/reddit_dag.py for tasks to queue
[2025-04-07T23:55:53.176+0000] {logging_mixin.py:151} INFO - [2025-04-07T23:55:53.176+0000] {dagbag.py:536} INFO - Filling up the DagBag from /opt/airflow/dags/reddit_dag.py
[2025-04-07T23:55:53.179+0000] {processor.py:841} WARNING - No viable dags retrieved from /opt/airflow/dags/reddit_dag.py
[2025-04-07T23:55:53.190+0000] {processor.py:179} INFO - Processing /opt/airflow/dags/reddit_dag.py took 0.020 seconds
[2025-04-07T23:56:23.471+0000] {processor.py:157} INFO - Started process (PID=42) to work on /opt/airflow/dags/reddit_dag.py
[2025-04-07T23:56:23.472+0000] {processor.py:829} INFO - Processing file /opt/airflow/dags/reddit_dag.py for tasks to queue
[2025-04-07T23:56:23.474+0000] {logging_mixin.py:151} INFO - [2025-04-07T23:56:23.473+0000] {dagbag.py:536} INFO - Filling up the DagBag from /opt/airflow/dags/reddit_dag.py
[2025-04-07T23:56:23.476+0000] {processor.py:841} WARNING - No viable dags retrieved from /opt/airflow/dags/reddit_dag.py
[2025-04-07T23:56:23.486+0000] {processor.py:179} INFO - Processing /opt/airflow/dags/reddit_dag.py took 0.019 seconds
[2025-04-07T23:56:53.764+0000] {processor.py:157} INFO - Started process (PID=43) to work on /opt/airflow/dags/reddit_dag.py
[2025-04-07T23:56:53.765+0000] {processor.py:829} INFO - Processing file /opt/airflow/dags/reddit_dag.py for tasks to queue
[2025-04-07T23:56:53.767+0000] {logging_mixin.py:151} INFO - [2025-04-07T23:56:53.766+0000] {dagbag.py:536} INFO - Filling up the DagBag from /opt/airflow/dags/reddit_dag.py
[2025-04-07T23:56:53.769+0000] {processor.py:841} WARNING - No viable dags retrieved from /opt/airflow/dags/reddit_dag.py
[2025-04-07T23:56:53.780+0000] {processor.py:179} INFO - Processing /opt/airflow/dags/reddit_dag.py took 0.020 seconds
[2025-04-07T23:57:24.060+0000] {processor.py:157} INFO - Started process (PID=44) to work on /opt/airflow/dags/reddit_dag.py
[2025-04-07T23:57:24.062+0000] {processor.py:829} INFO - Processing file /opt/airflow/dags/reddit_dag.py for tasks to queue
[2025-04-07T23:57:24.064+0000] {logging_mixin.py:151} INFO - [2025-04-07T23:57:24.063+0000] {dagbag.py:536} INFO - Filling up the DagBag from /opt/airflow/dags/reddit_dag.py
[2025-04-07T23:57:24.066+0000] {processor.py:841} WARNING - No viable dags retrieved from /opt/airflow/dags/reddit_dag.py
[2025-04-07T23:57:24.077+0000] {processor.py:179} INFO - Processing /opt/airflow/dags/reddit_dag.py took 0.021 seconds
[2025-04-07T23:57:54.342+0000] {processor.py:157} INFO - Started process (PID=45) to work on /opt/airflow/dags/reddit_dag.py
[2025-04-07T23:57:54.343+0000] {processor.py:829} INFO - Processing file /opt/airflow/dags/reddit_dag.py for tasks to queue
[2025-04-07T23:57:54.344+0000] {logging_mixin.py:151} INFO - [2025-04-07T23:57:54.344+0000] {dagbag.py:536} INFO - Filling up the DagBag from /opt/airflow/dags/reddit_dag.py
[2025-04-07T23:57:54.347+0000] {processor.py:841} WARNING - No viable dags retrieved from /opt/airflow/dags/reddit_dag.py
[2025-04-07T23:57:54.356+0000] {processor.py:179} INFO - Processing /opt/airflow/dags/reddit_dag.py took 0.017 seconds
[2025-04-07T23:58:24.652+0000] {processor.py:157} INFO - Started process (PID=46) to work on /opt/airflow/dags/reddit_dag.py
[2025-04-07T23:58:24.652+0000] {processor.py:829} INFO - Processing file /opt/airflow/dags/reddit_dag.py for tasks to queue
[2025-04-07T23:58:24.654+0000] {logging_mixin.py:151} INFO - [2025-04-07T23:58:24.654+0000] {dagbag.py:536} INFO - Filling up the DagBag from /opt/airflow/dags/reddit_dag.py
[2025-04-07T23:58:24.657+0000] {processor.py:841} WARNING - No viable dags retrieved from /opt/airflow/dags/reddit_dag.py
[2025-04-07T23:58:24.665+0000] {processor.py:179} INFO - Processing /opt/airflow/dags/reddit_dag.py took 0.016 seconds
[2025-04-07T23:58:54.964+0000] {processor.py:157} INFO - Started process (PID=47) to work on /opt/airflow/dags/reddit_dag.py
[2025-04-07T23:58:54.966+0000] {processor.py:829} INFO - Processing file /opt/airflow/dags/reddit_dag.py for tasks to queue
[2025-04-07T23:58:54.970+0000] {logging_mixin.py:151} INFO - [2025-04-07T23:58:54.969+0000] {dagbag.py:536} INFO - Filling up the DagBag from /opt/airflow/dags/reddit_dag.py
[2025-04-07T23:58:54.974+0000] {processor.py:841} WARNING - No viable dags retrieved from /opt/airflow/dags/reddit_dag.py
[2025-04-07T23:58:54.994+0000] {processor.py:179} INFO - Processing /opt/airflow/dags/reddit_dag.py took 0.035 seconds
[2025-04-07T23:59:25.239+0000] {processor.py:157} INFO - Started process (PID=48) to work on /opt/airflow/dags/reddit_dag.py
[2025-04-07T23:59:25.240+0000] {processor.py:829} INFO - Processing file /opt/airflow/dags/reddit_dag.py for tasks to queue
[2025-04-07T23:59:25.244+0000] {logging_mixin.py:151} INFO - [2025-04-07T23:59:25.243+0000] {dagbag.py:536} INFO - Filling up the DagBag from /opt/airflow/dags/reddit_dag.py
[2025-04-07T23:59:25.246+0000] {processor.py:841} WARNING - No viable dags retrieved from /opt/airflow/dags/reddit_dag.py
[2025-04-07T23:59:25.257+0000] {processor.py:179} INFO - Processing /opt/airflow/dags/reddit_dag.py took 0.021 seconds
[2025-04-07T23:59:55.559+0000] {processor.py:157} INFO - Started process (PID=49) to work on /opt/airflow/dags/reddit_dag.py
[2025-04-07T23:59:55.560+0000] {processor.py:829} INFO - Processing file /opt/airflow/dags/reddit_dag.py for tasks to queue
[2025-04-07T23:59:55.561+0000] {logging_mixin.py:151} INFO - [2025-04-07T23:59:55.561+0000] {dagbag.py:536} INFO - Filling up the DagBag from /opt/airflow/dags/reddit_dag.py
[2025-04-07T23:59:55.564+0000] {processor.py:841} WARNING - No viable dags retrieved from /opt/airflow/dags/reddit_dag.py
[2025-04-07T23:59:55.574+0000] {processor.py:179} INFO - Processing /opt/airflow/dags/reddit_dag.py took 0.019 seconds
