[2025-04-14T17:01:16.289+0000] {taskinstance.py:1159} INFO - Dependencies all met for dep_context=non-requeueable deps ti=<TaskInstance: etl_reddit_pipeline.s3_upload scheduled__2025-04-13T00:00:00+00:00 [queued]>
[2025-04-14T17:01:16.299+0000] {taskinstance.py:1159} INFO - Dependencies all met for dep_context=requeueable deps ti=<TaskInstance: etl_reddit_pipeline.s3_upload scheduled__2025-04-13T00:00:00+00:00 [queued]>
[2025-04-14T17:01:16.300+0000] {taskinstance.py:1361} INFO - Starting attempt 1 of 1
[2025-04-14T17:01:16.310+0000] {taskinstance.py:1382} INFO - Executing <Task(PythonOperator): s3_upload> on 2025-04-13 00:00:00+00:00
[2025-04-14T17:01:16.316+0000] {standard_task_runner.py:57} INFO - Started process 97 to run task
[2025-04-14T17:01:16.324+0000] {standard_task_runner.py:84} INFO - Running: ['airflow', 'tasks', 'run', 'etl_reddit_pipeline', 's3_upload', 'scheduled__2025-04-13T00:00:00+00:00', '--job-id', '11', '--raw', '--subdir', 'DAGS_FOLDER/reddit_dag.py', '--cfg-path', '/tmp/tmpwiqvvst5']
[2025-04-14T17:01:16.328+0000] {standard_task_runner.py:85} INFO - Job 11: Subtask s3_upload
[2025-04-14T17:01:16.414+0000] {task_command.py:416} INFO - Running <TaskInstance: etl_reddit_pipeline.s3_upload scheduled__2025-04-13T00:00:00+00:00 [running]> on host 5d379c010d2e
[2025-04-14T17:01:16.544+0000] {taskinstance.py:1662} INFO - Exporting env vars: AIRFLOW_CTX_DAG_OWNER='Hari Shankar' AIRFLOW_CTX_DAG_ID='etl_reddit_pipeline' AIRFLOW_CTX_TASK_ID='s3_upload' AIRFLOW_CTX_EXECUTION_DATE='2025-04-13T00:00:00+00:00' AIRFLOW_CTX_TRY_NUMBER='1' AIRFLOW_CTX_DAG_RUN_ID='scheduled__2025-04-13T00:00:00+00:00'
[2025-04-14T17:01:16.812+0000] {logging_mixin.py:151} INFO - Bucket already exists
[2025-04-14T17:01:17.007+0000] {logging_mixin.py:151} INFO - File uploaded to s3
[2025-04-14T17:01:17.008+0000] {python.py:194} INFO - Done. Returned value was: None
[2025-04-14T17:01:17.025+0000] {taskinstance.py:1400} INFO - Marking task as SUCCESS. dag_id=etl_reddit_pipeline, task_id=s3_upload, execution_date=20250413T000000, start_date=20250414T170116, end_date=20250414T170117
[2025-04-14T17:01:17.063+0000] {local_task_job_runner.py:228} INFO - Task exited with return code 0
[2025-04-14T17:01:17.080+0000] {taskinstance.py:2778} INFO - 0 downstream tasks scheduled from follow-on schedule check
[2025-04-14T20:18:36.140+0000] {taskinstance.py:1159} INFO - Dependencies all met for dep_context=non-requeueable deps ti=<TaskInstance: etl_reddit_pipeline.s3_upload scheduled__2025-04-13T00:00:00+00:00 [queued]>
[2025-04-14T20:18:36.144+0000] {taskinstance.py:1159} INFO - Dependencies all met for dep_context=requeueable deps ti=<TaskInstance: etl_reddit_pipeline.s3_upload scheduled__2025-04-13T00:00:00+00:00 [queued]>
[2025-04-14T20:18:36.144+0000] {taskinstance.py:1361} INFO - Starting attempt 1 of 1
[2025-04-14T20:18:36.150+0000] {taskinstance.py:1382} INFO - Executing <Task(PythonOperator): s3_upload> on 2025-04-13 00:00:00+00:00
[2025-04-14T20:18:36.153+0000] {standard_task_runner.py:57} INFO - Started process 58 to run task
[2025-04-14T20:18:36.155+0000] {standard_task_runner.py:84} INFO - Running: ['airflow', 'tasks', 'run', 'etl_reddit_pipeline', 's3_upload', 'scheduled__2025-04-13T00:00:00+00:00', '--job-id', '4', '--raw', '--subdir', 'DAGS_FOLDER/reddit_dag.py', '--cfg-path', '/tmp/tmp3r5i62qk']
[2025-04-14T20:18:36.156+0000] {standard_task_runner.py:85} INFO - Job 4: Subtask s3_upload
[2025-04-14T20:18:36.173+0000] {task_command.py:416} INFO - Running <TaskInstance: etl_reddit_pipeline.s3_upload scheduled__2025-04-13T00:00:00+00:00 [running]> on host beccf1ea3c0f
[2025-04-14T20:18:36.197+0000] {taskinstance.py:1662} INFO - Exporting env vars: AIRFLOW_CTX_DAG_OWNER='Hari Shankar' AIRFLOW_CTX_DAG_ID='etl_reddit_pipeline' AIRFLOW_CTX_TASK_ID='s3_upload' AIRFLOW_CTX_EXECUTION_DATE='2025-04-13T00:00:00+00:00' AIRFLOW_CTX_TRY_NUMBER='1' AIRFLOW_CTX_DAG_RUN_ID='scheduled__2025-04-13T00:00:00+00:00'
[2025-04-14T20:18:36.368+0000] {logging_mixin.py:151} INFO - Bucket already exists
[2025-04-14T20:18:36.528+0000] {logging_mixin.py:151} INFO - File uploaded to s3
[2025-04-14T20:18:36.529+0000] {python.py:194} INFO - Done. Returned value was: None
[2025-04-14T20:18:36.539+0000] {taskinstance.py:1400} INFO - Marking task as SUCCESS. dag_id=etl_reddit_pipeline, task_id=s3_upload, execution_date=20250413T000000, start_date=20250414T201836, end_date=20250414T201836
[2025-04-14T20:18:36.591+0000] {local_task_job_runner.py:228} INFO - Task exited with return code 0
[2025-04-14T20:18:36.613+0000] {taskinstance.py:2778} INFO - 0 downstream tasks scheduled from follow-on schedule check
